# JRE version: OpenJDK Runtime Environment (17.0.11) (build 17.0.11+0--11852314)
# Java VM: OpenJDK 64-Bit Server VM (17.0.11+0--11852314, mixed mode, tiered, compressed oops, compressed class ptrs, g1 gc, windows-amd64)
GC Precious Log:
 CPUs: 8 total, 8 available
 Memory: 5965M
 Large Page Support: Disabled
 NUMA Support: Disabled
 Compressed Oops: Enabled (Zero based)
 Heap Region Size: 2M
 Heap Min Capacity: 8M
 Heap Initial Capacity: 94M
 Heap Max Capacity: 4G
 Pre-touch: Disabled
 Parallel Workers: 8
 Concurrent Workers: 2
 Concurrent Refinement Workers: 8
 Periodic GC: Disabled
Heap:
 garbage-first heap   total 235520K, used 183833K [0x0000000700000000, 0x0000000800000000)
  region size 2048K, 26 young (53248K), 1 survivors (2048K)
 Metaspace       used 116630K, committed 117632K, reserved 1179648K
  class space    used 15851K, committed 16320K, reserved 1048576K
GC Heap History (20 events):
Event: 28.959 GC heap before
{Heap before GC invocations=44 (full 0):
 garbage-first heap   total 208896K, used 110560K [0x0000000700000000, 0x0000000800000000)
  region size 2048K, 5 young (10240K), 3 survivors (6144K)
 Metaspace       used 92750K, committed 93504K, reserved 1179648K
  class space    used 12624K, committed 12992K, reserved 1048576K
}
Event: 28.964 GC heap after
{Heap after GC invocations=45 (full 0):
 garbage-first heap   total 208896K, used 106400K [0x0000000700000000, 0x0000000800000000)
  region size 2048K, 1 young (2048K), 1 survivors (2048K)
 Metaspace       used 92750K, committed 93504K, reserved 1179648K
  class space    used 12624K, committed 12992K, reserved 1048576K
}
Event: 29.974 GC heap before
{Heap before GC invocations=45 (full 0):
 garbage-first heap   total 208896K, used 163744K [0x0000000700000000, 0x0000000800000000)
  region size 2048K, 29 young (59392K), 1 survivors (2048K)
 Metaspace       used 96860K, committed 97664K, reserved 1179648K
  class space    used 13382K, committed 13760K, reserved 1048576K
}
Event: 29.978 GC heap after
{Heap after GC invocations=46 (full 0):
 garbage-first heap   total 208896K, used 107665K [0x0000000700000000, 0x0000000800000000)
  region size 2048K, 2 young (4096K), 2 survivors (4096K)
 Metaspace       used 96860K, committed 97664K, reserved 1179648K
  class space    used 13382K, committed 13760K, reserved 1048576K
}
Event: 30.798 GC heap before
{Heap before GC invocations=47 (full 0):
 garbage-first heap   total 208896K, used 167057K [0x0000000700000000, 0x0000000800000000)
  region size 2048K, 31 young (63488K), 2 survivors (4096K)
 Metaspace       used 98737K, committed 99520K, reserved 1179648K
  class space    used 13666K, committed 14016K, reserved 1048576K
}
Event: 30.805 GC heap after
{Heap after GC invocations=48 (full 0):
 garbage-first heap   total 208896K, used 113290K [0x0000000700000000, 0x0000000800000000)
  region size 2048K, 4 young (8192K), 4 survivors (8192K)
 Metaspace       used 98737K, committed 99520K, reserved 1179648K
  class space    used 13666K, committed 14016K, reserved 1048576K
}
Event: 32.103 GC heap before
{Heap before GC invocations=48 (full 0):
 garbage-first heap   total 208896K, used 168586K [0x0000000700000000, 0x0000000800000000)
  region size 2048K, 31 young (63488K), 4 survivors (8192K)
 Metaspace       used 102930K, committed 103744K, reserved 1179648K
  class space    used 14336K, committed 14720K, reserved 1048576K
}
Event: 32.116 GC heap after
{Heap after GC invocations=49 (full 0):
 garbage-first heap   total 208896K, used 116732K [0x0000000700000000, 0x0000000800000000)
  region size 2048K, 2 young (4096K), 2 survivors (4096K)
 Metaspace       used 102930K, committed 103744K, reserved 1179648K
  class space    used 14336K, committed 14720K, reserved 1048576K
}
Event: 33.282 GC heap before
{Heap before GC invocations=50 (full 0):
 garbage-first heap   total 208896K, used 169980K [0x0000000700000000, 0x0000000800000000)
  region size 2048K, 28 young (57344K), 2 survivors (4096K)
 Metaspace       used 106788K, committed 107648K, reserved 1179648K
  class space    used 14819K, committed 15168K, reserved 1048576K
}
Event: 33.291 GC heap after
{Heap after GC invocations=51 (full 0):
 garbage-first heap   total 208896K, used 120959K [0x0000000700000000, 0x0000000800000000)
  region size 2048K, 4 young (8192K), 4 survivors (8192K)
 Metaspace       used 106788K, committed 107648K, reserved 1179648K
  class space    used 14819K, committed 15168K, reserved 1048576K
}
Event: 35.390 GC heap before
{Heap before GC invocations=51 (full 0):
 garbage-first heap   total 208896K, used 168063K [0x0000000700000000, 0x0000000800000000)
  region size 2048K, 28 young (57344K), 4 survivors (8192K)
 Metaspace       used 109128K, committed 110080K, reserved 1179648K
  class space    used 15081K, committed 15488K, reserved 1048576K
}
Event: 35.403 GC heap after
{Heap after GC invocations=52 (full 0):
 garbage-first heap   total 208896K, used 126066K [0x0000000700000000, 0x0000000800000000)
  region size 2048K, 3 young (6144K), 3 survivors (6144K)
 Metaspace       used 109128K, committed 110080K, reserved 1179648K
  class space    used 15081K, committed 15488K, reserved 1048576K
}
Event: 38.284 GC heap before
{Heap before GC invocations=53 (full 0):
 garbage-first heap   total 219136K, used 169074K [0x0000000700000000, 0x0000000800000000)
  region size 2048K, 25 young (51200K), 3 survivors (6144K)
 Metaspace       used 111170K, committed 112128K, reserved 1179648K
  class space    used 15365K, committed 15808K, reserved 1048576K
}
Event: 38.292 GC heap after
{Heap after GC invocations=54 (full 0):
 garbage-first heap   total 219136K, used 129127K [0x0000000700000000, 0x0000000800000000)
  region size 2048K, 2 young (4096K), 2 survivors (4096K)
 Metaspace       used 111170K, committed 112128K, reserved 1179648K
  class space    used 15365K, committed 15808K, reserved 1048576K
}
Event: 38.973 GC heap before
{Heap before GC invocations=54 (full 0):
 garbage-first heap   total 219136K, used 178279K [0x0000000700000000, 0x0000000800000000)
  region size 2048K, 27 young (55296K), 2 survivors (4096K)
 Metaspace       used 111806K, committed 112768K, reserved 1179648K
  class space    used 15409K, committed 15872K, reserved 1048576K
}
Event: 38.980 GC heap after
{Heap after GC invocations=55 (full 0):
 garbage-first heap   total 219136K, used 131719K [0x0000000700000000, 0x0000000800000000)
  region size 2048K, 3 young (6144K), 3 survivors (6144K)
 Metaspace       used 111806K, committed 112768K, reserved 1179648K
  class space    used 15409K, committed 15872K, reserved 1048576K
}
Event: 40.732 GC heap before
{Heap before GC invocations=56 (full 0):
 garbage-first heap   total 235520K, used 178823K [0x0000000700000000, 0x0000000800000000)
  region size 2048K, 27 young (55296K), 3 survivors (6144K)
 Metaspace       used 112434K, committed 113408K, reserved 1179648K
  class space    used 15484K, committed 15936K, reserved 1048576K
}
Event: 40.747 GC heap after
{Heap after GC invocations=57 (full 0):
 garbage-first heap   total 235520K, used 134936K [0x0000000700000000, 0x0000000800000000)
  region size 2048K, 4 young (8192K), 4 survivors (8192K)
 Metaspace       used 112434K, committed 113408K, reserved 1179648K
  class space    used 15484K, committed 15936K, reserved 1048576K
}
Event: 40.816 GC heap before
{Heap before GC invocations=57 (full 0):
 garbage-first heap   total 235520K, used 136984K [0x0000000700000000, 0x0000000800000000)
  region size 2048K, 5 young (10240K), 4 survivors (8192K)
 Metaspace       used 112816K, committed 113792K, reserved 1179648K
  class space    used 15516K, committed 15936K, reserved 1048576K
}
Event: 40.826 GC heap after
{Heap after GC invocations=58 (full 0):
 garbage-first heap   total 235520K, used 134681K [0x0000000700000000, 0x0000000800000000)
  region size 2048K, 1 young (2048K), 1 survivors (2048K)
 Metaspace       used 112816K, committed 113792K, reserved 1179648K
  class space    used 15516K, committed 15936K, reserved 1048576K
}

